<?xml version="1.0" encoding="UTF-8"?>
<coverage generated="1712346566631" clover="3.2.0">
  <project timestamp="1712346566631" name="All files">
    <metrics statements="14" coveredstatements="13" conditionals="6" coveredconditionals="5" methods="5" coveredmethods="4" elements="25" coveredelements="22" complexity="0" loc="14" ncloc="14" packages="1" files="2" classes="2"/>
    <file name="Note.jsx" path="D:\Dev\bootcamp-midudev\part5\notes-frontend\src\components\Note.jsx">
      <metrics statements="4" coveredstatements="4" conditionals="2" coveredconditionals="1" methods="2" coveredmethods="2"/>
      <line num="4" count="1" type="stmt"/>
      <line num="5" count="2" type="cond" truecount="1" falsecount="1"/>
      <line num="7" count="2" type="stmt"/>
      <line num="10" count="1" type="stmt"/>
    </file>
    <file name="Togglable.jsx" path="D:\Dev\bootcamp-midudev\part5\notes-frontend\src\components\Togglable.jsx">
      <metrics statements="10" coveredstatements="9" conditionals="4" coveredconditionals="4" methods="3" coveredmethods="2"/>
      <line num="8" count="1" type="stmt"/>
      <line num="9" count="7" type="stmt"/>
      <line num="12" count="7" type="cond" truecount="2" falsecount="0"/>
      <line num="13" count="7" type="cond" truecount="2" falsecount="0"/>
      <line num="16" count="7" type="stmt"/>
      <line num="19" count="7" type="stmt"/>
      <line num="20" count="0" type="stmt"/>
      <line num="25" count="7" type="stmt"/>
      <line num="42" count="1" type="stmt"/>
      <line num="47" count="1" type="stmt"/>
    </file>
  </project>
</coverage>
