{"D:\\Dev\\bootcamp-midudev\\part5\\notes-frontend\\src\\components\\Note.jsx": {"path":"D:\\Dev\\bootcamp-midudev\\part5\\notes-frontend\\src\\components\\Note.jsx","statementMap":{"0":{"start":{"line":4,"column":13},"end":{"line":13,"column":1}},"1":{"start":{"line":5,"column":15},"end":{"line":5,"column":77}},"2":{"start":{"line":7,"column":1},"end":{"line":12,"column":3}},"3":{"start":{"line":10,"column":26},"end":{"line":10,"column":48}}},"fnMap":{"0":{"name":"(anonymous_0)","decl":{"start":{"line":4,"column":13},"end":{"line":4,"column":14}},"loc":{"start":{"line":4,"column":45},"end":{"line":13,"column":1}},"line":4},"1":{"name":"(anonymous_1)","decl":{"start":{"line":10,"column":20},"end":{"line":10,"column":21}},"loc":{"start":{"line":10,"column":26},"end":{"line":10,"column":48}},"line":10}},"branchMap":{"0":{"loc":{"start":{"line":5,"column":15},"end":{"line":5,"column":77}},"type":"cond-expr","locations":[{"start":{"line":5,"column":32},"end":{"line":5,"column":55}},{"start":{"line":5,"column":58},"end":{"line":5,"column":77}}],"line":5}},"s":{"0":1,"1":2,"2":2,"3":1},"f":{"0":2,"1":1},"b":{"0":[2,0]},"_coverageSchema":"1a1c01bbd47fc00a2c39e90264f33305004495a9","hash":"1f6617c827e493135c683005fb5981ae816055f8"}
,"D:\\Dev\\bootcamp-midudev\\part5\\notes-frontend\\src\\components\\Togglable.jsx": {"path":"D:\\Dev\\bootcamp-midudev\\part5\\notes-frontend\\src\\components\\Togglable.jsx","statementMap":{"0":{"start":{"line":8,"column":18},"end":{"line":40,"column":2}},"1":{"start":{"line":9,"column":31},"end":{"line":9,"column":46}},"2":{"start":{"line":12,"column":25},"end":{"line":12,"column":58}},"3":{"start":{"line":13,"column":25},"end":{"line":13,"column":58}},"4":{"start":{"line":16,"column":26},"end":{"line":16,"column":52}},"5":{"start":{"line":16,"column":32},"end":{"line":16,"column":52}},"6":{"start":{"line":19,"column":1},"end":{"line":23,"column":3}},"7":{"start":{"line":20,"column":2},"end":{"line":22,"column":3}},"8":{"start":{"line":25,"column":1},"end":{"line":38,"column":2}},"9":{"start":{"line":42,"column":0},"end":{"line":45,"column":1}},"10":{"start":{"line":47,"column":0},"end":{"line":47,"column":35}}},"fnMap":{"0":{"name":"(anonymous_0)","decl":{"start":{"line":8,"column":29},"end":{"line":8,"column":30}},"loc":{"start":{"line":8,"column":84},"end":{"line":40,"column":1}},"line":8},"1":{"name":"(anonymous_1)","decl":{"start":{"line":16,"column":26},"end":{"line":16,"column":27}},"loc":{"start":{"line":16,"column":32},"end":{"line":16,"column":52}},"line":16},"2":{"name":"(anonymous_2)","decl":{"start":{"line":19,"column":26},"end":{"line":19,"column":27}},"loc":{"start":{"line":19,"column":31},"end":{"line":23,"column":2}},"line":19}},"branchMap":{"0":{"loc":{"start":{"line":12,"column":36},"end":{"line":12,"column":57}},"type":"cond-expr","locations":[{"start":{"line":12,"column":46},"end":{"line":12,"column":52}},{"start":{"line":12,"column":55},"end":{"line":12,"column":57}}],"line":12},"1":{"loc":{"start":{"line":13,"column":36},"end":{"line":13,"column":57}},"type":"cond-expr","locations":[{"start":{"line":13,"column":46},"end":{"line":13,"column":48}},{"start":{"line":13,"column":51},"end":{"line":13,"column":57}}],"line":13}},"s":{"0":1,"1":7,"2":7,"3":7,"4":7,"5":3,"6":7,"7":0,"8":7,"9":1,"10":1},"f":{"0":7,"1":3,"2":0},"b":{"0":[2,5],"1":[2,5]},"_coverageSchema":"1a1c01bbd47fc00a2c39e90264f33305004495a9","hash":"9d0a0cab581df4ce7378ae4a11796968d41483aa"}
}
