TN:
SF:src\components\Note.jsx
FN:4,(anonymous_0)
FN:10,(anonymous_1)
FNF:2
FNH:2
FNDA:2,(anonymous_0)
FNDA:1,(anonymous_1)
DA:4,1
DA:5,2
DA:7,2
DA:10,1
LF:4
LH:4
BRDA:5,0,0,2
BRDA:5,0,1,0
BRF:2
BRH:1
end_of_record
TN:
SF:src\components\Togglable.jsx
FN:8,(anonymous_0)
FN:16,(anonymous_1)
FN:19,(anonymous_2)
FNF:3
FNH:2
FNDA:7,(anonymous_0)
FNDA:3,(anonymous_1)
FNDA:0,(anonymous_2)
DA:8,1
DA:9,7
DA:12,7
DA:13,7
DA:16,7
DA:19,7
DA:20,0
DA:25,7
DA:42,1
DA:47,1
LF:10
LH:9
BRDA:12,0,0,2
BRDA:12,0,1,5
BRDA:13,1,0,2
BRDA:13,1,1,5
BRF:4
BRH:4
end_of_record
